# JRE version: OpenJDK Runtime Environment Microsoft-8902769 (17.0.10+7) (build 17.0.10+7-LTS)
# Java VM: OpenJDK 64-Bit Server VM Microsoft-8902769 (17.0.10+7-LTS, mixed mode, sharing, tiered, compressed oops, compressed class ptrs, g1 gc, windows-amd64)
GC Precious Log:
 CPUs: 16 total, 16 available
 Memory: 15713M
 Large Page Support: Disabled
 NUMA Support: Disabled
 Compressed Oops: Enabled (32-bit)
 Heap Region Size: 1M
 Heap Min Capacity: 8M
 Heap Initial Capacity: 246M
 Heap Max Capacity: 2G
 Pre-touch: Disabled
 Parallel Workers: 13
 Concurrent Workers: 3
 Concurrent Refinement Workers: 13
 Periodic GC: Disabled
Heap:
 garbage-first heap   total 81920K, used 63158K [0x0000000080000000, 0x0000000100000000)
  region size 1024K, 31 young (31744K), 4 survivors (4096K)
 Metaspace       used 48855K, committed 49408K, reserved 491520K
  class space    used 6684K, committed 6976K, reserved 425984K
GC Heap History (18 events):
Event: 1.116 GC heap before
{Heap before GC invocations=0 (full 0):
 garbage-first heap   total 251904K, used 26624K [0x0000000080000000, 0x0000000100000000)
  region size 1024K, 23 young (23552K), 0 survivors (0K)
 Metaspace       used 3057K, committed 3200K, reserved 491520K
  class space    used 380K, committed 448K, reserved 425984K
}
Event: 1.120 GC heap after
{Heap after GC invocations=1 (full 0):
 garbage-first heap   total 251904K, used 10685K [0x0000000080000000, 0x0000000100000000)
  region size 1024K, 3 young (3072K), 3 survivors (3072K)
 Metaspace       used 3057K, committed 3200K, reserved 491520K
  class space    used 380K, committed 448K, reserved 425984K
}
Event: 1.597 GC heap before
{Heap before GC invocations=1 (full 0):
 garbage-first heap   total 251904K, used 39357K [0x0000000080000000, 0x0000000100000000)
  region size 1024K, 31 young (31744K), 3 survivors (3072K)
 Metaspace       used 3991K, committed 4160K, reserved 491520K
  class space    used 477K, committed 576K, reserved 425984K
}
Event: 1.600 GC heap after
{Heap after GC invocations=2 (full 0):
 garbage-first heap   total 251904K, used 13247K [0x0000000080000000, 0x0000000100000000)
  region size 1024K, 3 young (3072K), 3 survivors (3072K)
 Metaspace       used 3991K, committed 4160K, reserved 491520K
  class space    used 477K, committed 576K, reserved 425984K
}
Event: 3.975 GC heap before
{Heap before GC invocations=2 (full 0):
 garbage-first heap   total 251904K, used 115647K [0x0000000080000000, 0x0000000100000000)
  region size 1024K, 104 young (106496K), 3 survivors (3072K)
 Metaspace       used 21212K, committed 21504K, reserved 491520K
  class space    used 3116K, committed 3264K, reserved 425984K
}
Event: 3.983 GC heap after
{Heap after GC invocations=3 (full 0):
 garbage-first heap   total 251904K, used 22105K [0x0000000080000000, 0x0000000100000000)
  region size 1024K, 12 young (12288K), 12 survivors (12288K)
 Metaspace       used 21212K, committed 21504K, reserved 491520K
  class space    used 3116K, committed 3264K, reserved 425984K
}
Event: 4.755 GC heap before
{Heap before GC invocations=4 (full 0):
 garbage-first heap   total 81920K, used 58969K [0x0000000080000000, 0x0000000100000000)
  region size 1024K, 48 young (49152K), 12 survivors (12288K)
 Metaspace       used 28705K, committed 29056K, reserved 491520K
  class space    used 4017K, committed 4160K, reserved 425984K
}
Event: 4.761 GC heap after
{Heap after GC invocations=5 (full 0):
 garbage-first heap   total 81920K, used 26439K [0x0000000080000000, 0x0000000100000000)
  region size 1024K, 5 young (5120K), 5 survivors (5120K)
 Metaspace       used 28705K, committed 29056K, reserved 491520K
  class space    used 4017K, committed 4160K, reserved 425984K
}
Event: 5.139 GC heap before
{Heap before GC invocations=5 (full 0):
 garbage-first heap   total 81920K, used 60231K [0x0000000080000000, 0x0000000100000000)
  region size 1024K, 36 young (36864K), 5 survivors (5120K)
 Metaspace       used 31540K, committed 31872K, reserved 491520K
  class space    used 4319K, committed 4480K, reserved 425984K
}
Event: 5.142 GC heap after
{Heap after GC invocations=6 (full 0):
 garbage-first heap   total 81920K, used 28621K [0x0000000080000000, 0x0000000100000000)
  region size 1024K, 3 young (3072K), 3 survivors (3072K)
 Metaspace       used 31540K, committed 31872K, reserved 491520K
  class space    used 4319K, committed 4480K, reserved 425984K
}
Event: 9.643 GC heap before
{Heap before GC invocations=6 (full 0):
 garbage-first heap   total 81920K, used 60365K [0x0000000080000000, 0x0000000100000000)
  region size 1024K, 34 young (34816K), 3 survivors (3072K)
 Metaspace       used 32725K, committed 33152K, reserved 491520K
  class space    used 4484K, committed 4672K, reserved 425984K
}
Event: 9.645 GC heap after
{Heap after GC invocations=7 (full 0):
 garbage-first heap   total 81920K, used 31038K [0x0000000080000000, 0x0000000100000000)
  region size 1024K, 5 young (5120K), 5 survivors (5120K)
 Metaspace       used 32725K, committed 33152K, reserved 491520K
  class space    used 4484K, committed 4672K, reserved 425984K
}
Event: 9.948 GC heap before
{Heap before GC invocations=7 (full 0):
 garbage-first heap   total 81920K, used 58686K [0x0000000080000000, 0x0000000100000000)
  region size 1024K, 33 young (33792K), 5 survivors (5120K)
 Metaspace       used 35509K, committed 35968K, reserved 491520K
  class space    used 4814K, committed 4992K, reserved 425984K
}
Event: 9.951 GC heap after
{Heap after GC invocations=8 (full 0):
 garbage-first heap   total 81920K, used 32916K [0x0000000080000000, 0x0000000100000000)
  region size 1024K, 5 young (5120K), 5 survivors (5120K)
 Metaspace       used 35509K, committed 35968K, reserved 491520K
  class space    used 4814K, committed 4992K, reserved 425984K
}
Event: 10.364 GC heap before
{Heap before GC invocations=9 (full 0):
 garbage-first heap   total 81920K, used 60564K [0x0000000080000000, 0x0000000100000000)
  region size 1024K, 33 young (33792K), 5 survivors (5120K)
 Metaspace       used 38733K, committed 39168K, reserved 491520K
  class space    used 5369K, committed 5568K, reserved 425984K
}
Event: 10.366 GC heap after
{Heap after GC invocations=10 (full 0):
 garbage-first heap   total 81920K, used 35128K [0x0000000080000000, 0x0000000100000000)
  region size 1024K, 4 young (4096K), 4 survivors (4096K)
 Metaspace       used 38733K, committed 39168K, reserved 491520K
  class space    used 5369K, committed 5568K, reserved 425984K
}
Event: 10.760 GC heap before
{Heap before GC invocations=10 (full 0):
 garbage-first heap   total 81920K, used 61752K [0x0000000080000000, 0x0000000100000000)
  region size 1024K, 31 young (31744K), 4 survivors (4096K)
 Metaspace       used 42164K, committed 42688K, reserved 491520K
  class space    used 5856K, committed 6080K, reserved 425984K
}
Event: 10.762 GC heap after
{Heap after GC invocations=11 (full 0):
 garbage-first heap   total 81920K, used 36534K [0x0000000080000000, 0x0000000100000000)
  region size 1024K, 4 young (4096K), 4 survivors (4096K)
 Metaspace       used 42164K, committed 42688K, reserved 491520K
  class space    used 5856K, committed 6080K, reserved 425984K
}

