# JRE version: Java(TM) SE Runtime Environment (18.0.2.1+1) (build 18.0.2.1+1-1)
# Java VM: Java HotSpot(TM) 64-Bit Server VM (18.0.2.1+1-1, mixed mode, sharing, tiered, compressed oops, compressed class ptrs, g1 gc, windows-amd64)
GC Precious Log:
 CardTable entry size: 512
 Card Set container configuration: InlinePtr #cards 4 size 8 Array Of Cards #cards 16 size 48 Howl #buckets 8 coarsen threshold 3686 Howl Bitmap #cards 512 size 80 coarsen threshold 460 Card regions per heap region 1 cards per card region 4096
 CPUs: 16 total, 16 available
 Memory: 15713M
 Large Page Support: Disabled
 NUMA Support: Disabled
 Compressed Oops: Enabled (Zero based)
 Heap Region Size: 2M
 Heap Min Capacity: 8M
 Heap Initial Capacity: 246M
 Heap Max Capacity: 3930M
 Pre-touch: Disabled
 Parallel Workers: 13
 Concurrent Workers: 3
 Concurrent Refinement Workers: 13
 Periodic GC: Disabled
Heap:
 garbage-first heap   total 184320K, used 113055K [0x000000070a600000, 0x0000000800000000)
  region size 2048K, 18 young (36864K), 5 survivors (10240K)
 Metaspace       used 62295K, committed 63104K, reserved 1114112K
  class space    used 7044K, committed 7488K, reserved 1048576K
GC Heap History (20 events):
Event: 5.246 GC heap before
{Heap before GC invocations=9 (full 0):
 garbage-first heap   total 102400K, used 87747K [0x000000070a600000, 0x0000000800000000)
  region size 2048K, 30 young (61440K), 1 survivors (2048K)
 Metaspace       used 43680K, committed 44480K, reserved 1114112K
  class space    used 5251K, committed 5632K, reserved 1048576K
}
Event: 5.268 GC heap after
{Heap after GC invocations=10 (full 0):
 garbage-first heap   total 104448K, used 41971K [0x000000070a600000, 0x0000000800000000)
  region size 2048K, 4 young (8192K), 4 survivors (8192K)
 Metaspace       used 43680K, committed 44480K, reserved 1114112K
  class space    used 5251K, committed 5632K, reserved 1048576K
}
Event: 5.357 GC heap before
{Heap before GC invocations=10 (full 0):
 garbage-first heap   total 104448K, used 44019K [0x000000070a600000, 0x0000000800000000)
  region size 2048K, 5 young (10240K), 4 survivors (8192K)
 Metaspace       used 43686K, committed 44480K, reserved 1114112K
  class space    used 5251K, committed 5632K, reserved 1048576K
}
Event: 5.373 GC heap after
{Heap after GC invocations=11 (full 0):
 garbage-first heap   total 104448K, used 42808K [0x000000070a600000, 0x0000000800000000)
  region size 2048K, 1 young (2048K), 1 survivors (2048K)
 Metaspace       used 43686K, committed 44480K, reserved 1114112K
  class space    used 5251K, committed 5632K, reserved 1048576K
}
Event: 6.054 GC heap before
{Heap before GC invocations=11 (full 0):
 garbage-first heap   total 104448K, used 71480K [0x000000070a600000, 0x0000000800000000)
  region size 2048K, 16 young (32768K), 1 survivors (2048K)
 Metaspace       used 45288K, committed 46080K, reserved 1114112K
  class space    used 5376K, committed 5760K, reserved 1048576K
}
Event: 6.062 GC heap after
{Heap after GC invocations=12 (full 0):
 garbage-first heap   total 104448K, used 46501K [0x000000070a600000, 0x0000000800000000)
  region size 2048K, 2 young (4096K), 2 survivors (4096K)
 Metaspace       used 45288K, committed 46080K, reserved 1114112K
  class space    used 5376K, committed 5760K, reserved 1048576K
}
Event: 7.296 GC heap before
{Heap before GC invocations=12 (full 0):
 garbage-first heap   total 104448K, used 77221K [0x000000070a600000, 0x0000000800000000)
  region size 2048K, 17 young (34816K), 2 survivors (4096K)
 Metaspace       used 52229K, committed 52992K, reserved 1114112K
  class space    used 6151K, committed 6592K, reserved 1048576K
}
Event: 7.310 GC heap after
{Heap after GC invocations=13 (full 0):
 garbage-first heap   total 104448K, used 50871K [0x000000070a600000, 0x0000000800000000)
  region size 2048K, 3 young (6144K), 3 survivors (6144K)
 Metaspace       used 52229K, committed 52992K, reserved 1114112K
  class space    used 6151K, committed 6592K, reserved 1048576K
}
Event: 7.887 GC heap before
{Heap before GC invocations=13 (full 0):
 garbage-first heap   total 104448K, used 77495K [0x000000070a600000, 0x0000000800000000)
  region size 2048K, 16 young (32768K), 3 survivors (6144K)
 Metaspace       used 53111K, committed 53952K, reserved 1114112K
  class space    used 6202K, committed 6656K, reserved 1048576K
}
Event: 7.904 GC heap after
{Heap after GC invocations=14 (full 0):
 garbage-first heap   total 153600K, used 55409K [0x000000070a600000, 0x0000000800000000)
  region size 2048K, 2 young (4096K), 2 survivors (4096K)
 Metaspace       used 53111K, committed 53952K, reserved 1114112K
  class space    used 6202K, committed 6656K, reserved 1048576K
}
Event: 8.946 GC heap before
{Heap before GC invocations=15 (full 0):
 garbage-first heap   total 153600K, used 108657K [0x000000070a600000, 0x0000000800000000)
  region size 2048K, 28 young (57344K), 2 survivors (4096K)
 Metaspace       used 53740K, committed 54528K, reserved 1114112K
  class space    used 6295K, committed 6720K, reserved 1048576K
}
Event: 8.965 GC heap after
{Heap after GC invocations=16 (full 0):
 garbage-first heap   total 153600K, used 65047K [0x000000070a600000, 0x0000000800000000)
  region size 2048K, 4 young (8192K), 4 survivors (8192K)
 Metaspace       used 53740K, committed 54528K, reserved 1114112K
  class space    used 6295K, committed 6720K, reserved 1048576K
}
Event: 9.537 GC heap before
{Heap before GC invocations=16 (full 0):
 garbage-first heap   total 153600K, used 112151K [0x000000070a600000, 0x0000000800000000)
  region size 2048K, 27 young (55296K), 4 survivors (8192K)
 Metaspace       used 54149K, committed 54912K, reserved 1114112K
  class space    used 6327K, committed 6720K, reserved 1048576K
}
Event: 9.562 GC heap after
{Heap after GC invocations=17 (full 0):
 garbage-first heap   total 153600K, used 72245K [0x000000070a600000, 0x0000000800000000)
  region size 2048K, 4 young (8192K), 4 survivors (8192K)
 Metaspace       used 54149K, committed 54912K, reserved 1114112K
  class space    used 6327K, committed 6720K, reserved 1048576K
}
Event: 10.072 GC heap before
{Heap before GC invocations=17 (full 0):
 garbage-first heap   total 153600K, used 115253K [0x000000070a600000, 0x0000000800000000)
  region size 2048K, 25 young (51200K), 4 survivors (8192K)
 Metaspace       used 55000K, committed 55808K, reserved 1114112K
  class space    used 6407K, committed 6848K, reserved 1048576K
}
Event: 10.080 GC heap after
{Heap after GC invocations=18 (full 0):
 garbage-first heap   total 153600K, used 74969K [0x000000070a600000, 0x0000000800000000)
  region size 2048K, 1 young (2048K), 1 survivors (2048K)
 Metaspace       used 55000K, committed 55808K, reserved 1114112K
  class space    used 6407K, committed 6848K, reserved 1048576K
}
Event: 11.116 GC heap before
{Heap before GC invocations=18 (full 0):
 garbage-first heap   total 153600K, used 115929K [0x000000070a600000, 0x0000000800000000)
  region size 2048K, 22 young (45056K), 1 survivors (2048K)
 Metaspace       used 58209K, committed 59008K, reserved 1114112K
  class space    used 6702K, committed 7104K, reserved 1048576K
}
Event: 11.125 GC heap after
{Heap after GC invocations=19 (full 0):
 garbage-first heap   total 184320K, used 79065K [0x000000070a600000, 0x0000000800000000)
  region size 2048K, 3 young (6144K), 3 survivors (6144K)
 Metaspace       used 58209K, committed 59008K, reserved 1114112K
  class space    used 6702K, committed 7104K, reserved 1048576K
}
Event: 13.374 GC heap before
{Heap before GC invocations=20 (full 0):
 garbage-first heap   total 184320K, used 144601K [0x000000070a600000, 0x0000000800000000)
  region size 2048K, 34 young (69632K), 3 survivors (6144K)
 Metaspace       used 61977K, committed 62784K, reserved 1114112K
  class space    used 7037K, committed 7488K, reserved 1048576K
}
Event: 13.386 GC heap after
{Heap after GC invocations=21 (full 0):
 garbage-first heap   total 184320K, used 88479K [0x000000070a600000, 0x0000000800000000)
  region size 2048K, 5 young (10240K), 5 survivors (10240K)
 Metaspace       used 61977K, committed 62784K, reserved 1114112K
  class space    used 7037K, committed 7488K, reserved 1048576K
}

