# JRE version: Java(TM) SE Runtime Environment (18.0.2.1+1) (build 18.0.2.1+1-1)
# Java VM: Java HotSpot(TM) 64-Bit Server VM (18.0.2.1+1-1, mixed mode, sharing, tiered, compressed oops, compressed class ptrs, g1 gc, windows-amd64)
GC Precious Log:
 CardTable entry size: 512
 Card Set container configuration: InlinePtr #cards 5 size 8 Array Of Cards #cards 12 size 40 Howl #buckets 4 coarsen threshold 1843 Howl Bitmap #cards 512 size 80 coarsen threshold 460 Card regions per heap region 1 cards per card region 2048
 CPUs: 16 total, 16 available
 Memory: 15713M
 Large Page Support: Disabled
 NUMA Support: Disabled
 Compressed Oops: Enabled (32-bit)
 Heap Region Size: 1M
 Heap Min Capacity: 8M
 Heap Initial Capacity: 246M
 Heap Max Capacity: 2G
 Pre-touch: Disabled
 Parallel Workers: 13
 Concurrent Workers: 3
 Concurrent Refinement Workers: 13
 Periodic GC: Disabled
Heap:
 garbage-first heap   total 101376K, used 73462K [0x0000000080000000, 0x0000000100000000)
  region size 1024K, 28 young (28672K), 5 survivors (5120K)
 Metaspace       used 58730K, committed 60544K, reserved 487424K
  class space    used 8180K, committed 9088K, reserved 421888K
GC Heap History (20 events):
Event: 6.058 GC heap before
{Heap before GC invocations=2 (full 0):
 garbage-first heap   total 251904K, used 108534K [0x0000000080000000, 0x0000000100000000)
  region size 1024K, 97 young (99328K), 4 survivors (4096K)
 Metaspace       used 20797K, committed 21504K, reserved 487424K
  class space    used 3035K, committed 3392K, reserved 421888K
}
Event: 6.090 GC heap after
{Heap after GC invocations=3 (full 0):
 garbage-first heap   total 251904K, used 21798K [0x0000000080000000, 0x0000000100000000)
  region size 1024K, 12 young (12288K), 12 survivors (12288K)
 Metaspace       used 20797K, committed 21504K, reserved 487424K
  class space    used 3035K, committed 3392K, reserved 421888K
}
Event: 7.847 GC heap before
{Heap before GC invocations=4 (full 0):
 garbage-first heap   total 81920K, used 80166K [0x0000000080000000, 0x0000000100000000)
  region size 1024K, 70 young (71680K), 12 survivors (12288K)
 Metaspace       used 30498K, committed 31616K, reserved 487424K
  class space    used 4286K, committed 4864K, reserved 421888K
}
Event: 7.854 GC heap after
{Heap after GC invocations=5 (full 0):
 garbage-first heap   total 101376K, used 28291K [0x0000000080000000, 0x0000000100000000)
  region size 1024K, 14 young (14336K), 14 survivors (14336K)
 Metaspace       used 30498K, committed 31616K, reserved 487424K
  class space    used 4286K, committed 4864K, reserved 421888K
}
Event: 17.635 GC heap before
{Heap before GC invocations=5 (full 0):
 garbage-first heap   total 101376K, used 73347K [0x0000000080000000, 0x0000000100000000)
  region size 1024K, 56 young (57344K), 14 survivors (14336K)
 Metaspace       used 34162K, committed 35328K, reserved 487424K
  class space    used 4714K, committed 5312K, reserved 421888K
}
Event: 17.640 GC heap after
{Heap after GC invocations=6 (full 0):
 garbage-first heap   total 101376K, used 31252K [0x0000000080000000, 0x0000000100000000)
  region size 1024K, 5 young (5120K), 5 survivors (5120K)
 Metaspace       used 34162K, committed 35328K, reserved 487424K
  class space    used 4714K, committed 5312K, reserved 421888K
}
Event: 17.769 GC heap before
{Heap before GC invocations=6 (full 0):
 garbage-first heap   total 101376K, used 38420K [0x0000000080000000, 0x0000000100000000)
  region size 1024K, 13 young (13312K), 5 survivors (5120K)
 Metaspace       used 34896K, committed 36096K, reserved 487424K
  class space    used 4831K, committed 5440K, reserved 421888K
}
Event: 17.772 GC heap after
{Heap after GC invocations=7 (full 0):
 garbage-first heap   total 101376K, used 32317K [0x0000000080000000, 0x0000000100000000)
  region size 1024K, 2 young (2048K), 2 survivors (2048K)
 Metaspace       used 34896K, committed 36096K, reserved 487424K
  class space    used 4831K, committed 5440K, reserved 421888K
}
Event: 27.538 GC heap before
{Heap before GC invocations=8 (full 0):
 garbage-first heap   total 101376K, used 75325K [0x0000000080000000, 0x0000000100000000)
  region size 1024K, 43 young (44032K), 2 survivors (2048K)
 Metaspace       used 38977K, committed 40384K, reserved 487424K
  class space    used 5401K, committed 6080K, reserved 421888K
}
Event: 27.540 GC heap after
{Heap after GC invocations=9 (full 0):
 garbage-first heap   total 101376K, used 33726K [0x0000000080000000, 0x0000000100000000)
  region size 1024K, 3 young (3072K), 3 survivors (3072K)
 Metaspace       used 38977K, committed 40384K, reserved 487424K
  class space    used 5401K, committed 6080K, reserved 421888K
}
Event: 28.821 GC heap before
{Heap before GC invocations=9 (full 0):
 garbage-first heap   total 101376K, used 34750K [0x0000000080000000, 0x0000000100000000)
  region size 1024K, 4 young (4096K), 3 survivors (3072K)
 Metaspace       used 39002K, committed 40384K, reserved 487424K
  class space    used 5401K, committed 6080K, reserved 421888K
}
Event: 28.823 GC heap after
{Heap after GC invocations=10 (full 0):
 garbage-first heap   total 101376K, used 33558K [0x0000000080000000, 0x0000000100000000)
  region size 1024K, 1 young (1024K), 1 survivors (1024K)
 Metaspace       used 39002K, committed 40384K, reserved 487424K
  class space    used 5401K, committed 6080K, reserved 421888K
}
Event: 32.230 GC heap before
{Heap before GC invocations=10 (full 0):
 garbage-first heap   total 101376K, used 74518K [0x0000000080000000, 0x0000000100000000)
  region size 1024K, 42 young (43008K), 1 survivors (1024K)
 Metaspace       used 44117K, committed 45696K, reserved 487424K
  class space    used 6158K, committed 6976K, reserved 421888K
}
Event: 32.236 GC heap after
{Heap after GC invocations=11 (full 0):
 garbage-first heap   total 101376K, used 35550K [0x0000000080000000, 0x0000000100000000)
  region size 1024K, 3 young (3072K), 3 survivors (3072K)
 Metaspace       used 44117K, committed 45696K, reserved 487424K
  class space    used 6158K, committed 6976K, reserved 421888K
}
Event: 33.687 GC heap before
{Heap before GC invocations=11 (full 0):
 garbage-first heap   total 101376K, used 83678K [0x0000000080000000, 0x0000000100000000)
  region size 1024K, 44 young (45056K), 3 survivors (3072K)
 Metaspace       used 49083K, committed 50816K, reserved 487424K
  class space    used 6851K, committed 7744K, reserved 421888K
}
Event: 33.691 GC heap after
{Heap after GC invocations=12 (full 0):
 garbage-first heap   total 101376K, used 45453K [0x0000000080000000, 0x0000000100000000)
  region size 1024K, 6 young (6144K), 6 survivors (6144K)
 Metaspace       used 49083K, committed 50816K, reserved 487424K
  class space    used 6851K, committed 7744K, reserved 421888K
}
Event: 34.517 GC heap before
{Heap before GC invocations=12 (full 0):
 garbage-first heap   total 101376K, used 79245K [0x0000000080000000, 0x0000000100000000)
  region size 1024K, 39 young (39936K), 6 survivors (6144K)
 Metaspace       used 52625K, committed 54400K, reserved 487424K
  class space    used 7375K, committed 8256K, reserved 421888K
}
Event: 34.521 GC heap after
{Heap after GC invocations=13 (full 0):
 garbage-first heap   total 101376K, used 47637K [0x0000000080000000, 0x0000000100000000)
  region size 1024K, 3 young (3072K), 3 survivors (3072K)
 Metaspace       used 52625K, committed 54400K, reserved 487424K
  class space    used 7375K, committed 8256K, reserved 421888K
}
Event: 35.997 GC heap before
{Heap before GC invocations=13 (full 0):
 garbage-first heap   total 101376K, used 80405K [0x0000000080000000, 0x0000000100000000)
  region size 1024K, 35 young (35840K), 3 survivors (3072K)
 Metaspace       used 56906K, committed 58688K, reserved 487424K
  class space    used 7907K, committed 8832K, reserved 421888K
}
Event: 36.001 GC heap after
{Heap after GC invocations=14 (full 0):
 garbage-first heap   total 101376K, used 50934K [0x0000000080000000, 0x0000000100000000)
  region size 1024K, 5 young (5120K), 5 survivors (5120K)
 Metaspace       used 56906K, committed 58688K, reserved 487424K
  class space    used 7907K, committed 8832K, reserved 421888K
}

