# JRE version: Java(TM) SE Runtime Environment (18.0.2.1+1) (build 18.0.2.1+1-1)
# Java VM: Java HotSpot(TM) 64-Bit Server VM (18.0.2.1+1-1, mixed mode, sharing, tiered, compressed oops, compressed class ptrs, g1 gc, windows-amd64)
GC Precious Log:
 CardTable entry size: 512
 Card Set container configuration: InlinePtr #cards 5 size 8 Array Of Cards #cards 12 size 40 Howl #buckets 4 coarsen threshold 1843 Howl Bitmap #cards 512 size 80 coarsen threshold 460 Card regions per heap region 1 cards per card region 2048
 CPUs: 16 total, 16 available
 Memory: 15713M
 Large Page Support: Disabled
 NUMA Support: Disabled
 Compressed Oops: Enabled (32-bit)
 Heap Region Size: 1M
 Heap Min Capacity: 8M
 Heap Initial Capacity: 246M
 Heap Max Capacity: 2G
 Pre-touch: Disabled
 Parallel Workers: 13
 Concurrent Workers: 3
 Concurrent Refinement Workers: 13
 Periodic GC: Disabled
Heap:
 garbage-first heap   total 119808K, used 89931K [0x0000000080000000, 0x0000000100000000)
  region size 1024K, 13 young (13312K), 1 survivors (1024K)
 Metaspace       used 68406K, committed 70272K, reserved 487424K
  class space    used 9403K, committed 10368K, reserved 421888K
GC Heap History (20 events):
Event: 34.726 GC heap before
{Heap before GC invocations=20 (full 0):
 garbage-first heap   total 89088K, used 69645K [0x0000000080000000, 0x0000000100000000)
  region size 1024K, 22 young (22528K), 3 survivors (3072K)
 Metaspace       used 56898K, committed 58688K, reserved 487424K
  class space    used 7914K, committed 8832K, reserved 421888K
}
Event: 34.729 GC heap after
{Heap after GC invocations=21 (full 0):
 garbage-first heap   total 89088K, used 53107K [0x0000000080000000, 0x0000000100000000)
  region size 1024K, 3 young (3072K), 3 survivors (3072K)
 Metaspace       used 56898K, committed 58688K, reserved 487424K
  class space    used 7914K, committed 8832K, reserved 421888K
}
Event: 36.563 GC heap before
{Heap before GC invocations=21 (full 0):
 garbage-first heap   total 89088K, used 72563K [0x0000000080000000, 0x0000000100000000)
  region size 1024K, 22 young (22528K), 3 survivors (3072K)
 Metaspace       used 58827K, committed 60672K, reserved 487424K
  class space    used 8201K, committed 9152K, reserved 421888K
}
Event: 36.566 GC heap after
{Heap after GC invocations=22 (full 0):
 garbage-first heap   total 89088K, used 52297K [0x0000000080000000, 0x0000000100000000)
  region size 1024K, 1 young (1024K), 1 survivors (1024K)
 Metaspace       used 58827K, committed 60672K, reserved 487424K
  class space    used 8201K, committed 9152K, reserved 421888K
}
Event: 37.628 GC heap before
{Heap before GC invocations=23 (full 0):
 garbage-first heap   total 92160K, used 72777K [0x0000000080000000, 0x0000000100000000)
  region size 1024K, 21 young (21504K), 1 survivors (1024K)
 Metaspace       used 59967K, committed 61824K, reserved 487424K
  class space    used 8382K, committed 9344K, reserved 421888K
}
Event: 37.630 GC heap after
{Heap after GC invocations=24 (full 0):
 garbage-first heap   total 92160K, used 54097K [0x0000000080000000, 0x0000000100000000)
  region size 1024K, 3 young (3072K), 3 survivors (3072K)
 Metaspace       used 59967K, committed 61824K, reserved 487424K
  class space    used 8382K, committed 9344K, reserved 421888K
}
Event: 38.713 GC heap before
{Heap before GC invocations=24 (full 0):
 garbage-first heap   total 92160K, used 74577K [0x0000000080000000, 0x0000000100000000)
  region size 1024K, 24 young (24576K), 3 survivors (3072K)
 Metaspace       used 61248K, committed 63104K, reserved 487424K
  class space    used 8530K, committed 9472K, reserved 421888K
}
Event: 38.718 GC heap after
{Heap after GC invocations=25 (full 0):
 garbage-first heap   total 92160K, used 56073K [0x0000000080000000, 0x0000000100000000)
  region size 1024K, 3 young (3072K), 3 survivors (3072K)
 Metaspace       used 61248K, committed 63104K, reserved 487424K
  class space    used 8530K, committed 9472K, reserved 421888K
}
Event: 39.788 GC heap before
{Heap before GC invocations=26 (full 0):
 garbage-first heap   total 99328K, used 73481K [0x0000000080000000, 0x0000000100000000)
  region size 1024K, 20 young (20480K), 3 survivors (3072K)
 Metaspace       used 62459K, committed 64256K, reserved 487424K
  class space    used 8735K, committed 9664K, reserved 421888K
}
Event: 39.792 GC heap after
{Heap after GC invocations=27 (full 0):
 garbage-first heap   total 99328K, used 58100K [0x0000000080000000, 0x0000000100000000)
  region size 1024K, 3 young (3072K), 3 survivors (3072K)
 Metaspace       used 62459K, committed 64256K, reserved 487424K
  class space    used 8735K, committed 9664K, reserved 421888K
}
Event: 40.486 GC heap before
{Heap before GC invocations=27 (full 0):
 garbage-first heap   total 99328K, used 79604K [0x0000000080000000, 0x0000000100000000)
  region size 1024K, 24 young (24576K), 3 survivors (3072K)
 Metaspace       used 64615K, committed 66496K, reserved 487424K
  class space    used 8979K, committed 9920K, reserved 421888K
}
Event: 40.490 GC heap after
{Heap after GC invocations=28 (full 0):
 garbage-first heap   total 99328K, used 60790K [0x0000000080000000, 0x0000000100000000)
  region size 1024K, 3 young (3072K), 3 survivors (3072K)
 Metaspace       used 64615K, committed 66496K, reserved 487424K
  class space    used 8979K, committed 9920K, reserved 421888K
}
Event: 43.238 GC heap before
{Heap before GC invocations=29 (full 0):
 garbage-first heap   total 106496K, used 80246K [0x0000000080000000, 0x0000000100000000)
  region size 1024K, 22 young (22528K), 3 survivors (3072K)
 Metaspace       used 65293K, committed 67200K, reserved 487424K
  class space    used 9064K, committed 10048K, reserved 421888K
}
Event: 43.241 GC heap after
{Heap after GC invocations=30 (full 0):
 garbage-first heap   total 106496K, used 63439K [0x0000000080000000, 0x0000000100000000)
  region size 1024K, 3 young (3072K), 3 survivors (3072K)
 Metaspace       used 65293K, committed 67200K, reserved 487424K
  class space    used 9064K, committed 10048K, reserved 421888K
}
Event: 43.420 GC heap before
{Heap before GC invocations=30 (full 0):
 garbage-first heap   total 106496K, used 72655K [0x0000000080000000, 0x0000000100000000)
  region size 1024K, 13 young (13312K), 3 survivors (3072K)
 Metaspace       used 65431K, committed 67392K, reserved 487424K
  class space    used 9080K, committed 10048K, reserved 421888K
}
Event: 43.424 GC heap after
{Heap after GC invocations=31 (full 0):
 garbage-first heap   total 106496K, used 64893K [0x0000000080000000, 0x0000000100000000)
  region size 1024K, 2 young (2048K), 2 survivors (2048K)
 Metaspace       used 65431K, committed 67392K, reserved 487424K
  class space    used 9080K, committed 10048K, reserved 421888K
}
Event: 45.250 GC heap before
{Heap before GC invocations=32 (full 0):
 garbage-first heap   total 119808K, used 92541K [0x0000000080000000, 0x0000000100000000)
  region size 1024K, 21 young (21504K), 2 survivors (2048K)
 Metaspace       used 66496K, committed 68416K, reserved 487424K
  class space    used 9206K, committed 10176K, reserved 421888K
}
Event: 45.254 GC heap after
{Heap after GC invocations=33 (full 0):
 garbage-first heap   total 119808K, used 79577K [0x0000000080000000, 0x0000000100000000)
  region size 1024K, 3 young (3072K), 3 survivors (3072K)
 Metaspace       used 66496K, committed 68416K, reserved 487424K
  class space    used 9206K, committed 10176K, reserved 421888K
}
Event: 45.304 GC heap before
{Heap before GC invocations=33 (full 0):
 garbage-first heap   total 119808K, used 81625K [0x0000000080000000, 0x0000000100000000)
  region size 1024K, 5 young (5120K), 3 survivors (3072K)
 Metaspace       used 66782K, committed 68736K, reserved 487424K
  class space    used 9240K, committed 10240K, reserved 421888K
}
Event: 45.307 GC heap after
{Heap after GC invocations=34 (full 0):
 garbage-first heap   total 119808K, used 79691K [0x0000000080000000, 0x0000000100000000)
  region size 1024K, 1 young (1024K), 1 survivors (1024K)
 Metaspace       used 66782K, committed 68736K, reserved 487424K
  class space    used 9240K, committed 10240K, reserved 421888K
}

