# JRE version: Java(TM) SE Runtime Environment (18.0.2.1+1) (build 18.0.2.1+1-1)
# Java VM: Java HotSpot(TM) 64-Bit Server VM (18.0.2.1+1-1, mixed mode, sharing, tiered, compressed oops, compressed class ptrs, g1 gc, windows-amd64)
GC Precious Log:
 CardTable entry size: 512
 Card Set container configuration: InlinePtr #cards 5 size 8 Array Of Cards #cards 12 size 40 Howl #buckets 4 coarsen threshold 1843 Howl Bitmap #cards 512 size 80 coarsen threshold 460 Card regions per heap region 1 cards per card region 2048
 CPUs: 16 total, 16 available
 Memory: 15713M
 Large Page Support: Disabled
 NUMA Support: Disabled
 Compressed Oops: Enabled (32-bit)
 Heap Region Size: 1M
 Heap Min Capacity: 8M
 Heap Initial Capacity: 246M
 Heap Max Capacity: 2G
 Pre-touch: Disabled
 Parallel Workers: 13
 Concurrent Workers: 3
 Concurrent Refinement Workers: 13
 Periodic GC: Disabled
Heap:
 garbage-first heap   total 101376K, used 59072K [0x0000000080000000, 0x0000000100000000)
  region size 1024K, 15 young (15360K), 5 survivors (5120K)
 Metaspace       used 56576K, committed 58368K, reserved 487424K
  class space    used 7742K, committed 8704K, reserved 421888K
GC Heap History (20 events):
Event: 0.899 GC heap before
{Heap before GC invocations=1 (full 0):
 garbage-first heap   total 251904K, used 39772K [0x0000000080000000, 0x0000000100000000)
  region size 1024K, 32 young (32768K), 3 survivors (3072K)
 Metaspace       used 4030K, committed 4224K, reserved 487424K
  class space    used 475K, committed 576K, reserved 421888K
}
Event: 0.902 GC heap after
{Heap after GC invocations=2 (full 0):
 garbage-first heap   total 251904K, used 14336K [0x0000000080000000, 0x0000000100000000)
  region size 1024K, 4 young (4096K), 4 survivors (4096K)
 Metaspace       used 4030K, committed 4224K, reserved 487424K
  class space    used 475K, committed 576K, reserved 421888K
}
Event: 2.822 GC heap before
{Heap before GC invocations=2 (full 0):
 garbage-first heap   total 251904K, used 109568K [0x0000000080000000, 0x0000000100000000)
  region size 1024K, 98 young (100352K), 4 survivors (4096K)
 Metaspace       used 20814K, committed 21504K, reserved 487424K
  class space    used 3043K, committed 3392K, reserved 421888K
}
Event: 2.829 GC heap after
{Heap after GC invocations=3 (full 0):
 garbage-first heap   total 251904K, used 21984K [0x0000000080000000, 0x0000000100000000)
  region size 1024K, 12 young (12288K), 12 survivors (12288K)
 Metaspace       used 20814K, committed 21504K, reserved 487424K
  class space    used 3043K, committed 3392K, reserved 421888K
}
Event: 4.124 GC heap before
{Heap before GC invocations=4 (full 0):
 garbage-first heap   total 81920K, used 80352K [0x0000000080000000, 0x0000000100000000)
  region size 1024K, 70 young (71680K), 12 survivors (12288K)
 Metaspace       used 30524K, committed 31680K, reserved 487424K
  class space    used 4294K, committed 4864K, reserved 421888K
}
Event: 4.132 GC heap after
{Heap after GC invocations=5 (full 0):
 garbage-first heap   total 101376K, used 28388K [0x0000000080000000, 0x0000000100000000)
  region size 1024K, 14 young (14336K), 14 survivors (14336K)
 Metaspace       used 30524K, committed 31680K, reserved 487424K
  class space    used 4294K, committed 4864K, reserved 421888K
}
Event: 8.276 GC heap before
{Heap before GC invocations=5 (full 0):
 garbage-first heap   total 101376K, used 74468K [0x0000000080000000, 0x0000000100000000)
  region size 1024K, 56 young (57344K), 14 survivors (14336K)
 Metaspace       used 34199K, committed 35520K, reserved 487424K
  class space    used 4721K, committed 5376K, reserved 421888K
}
Event: 8.282 GC heap after
{Heap after GC invocations=6 (full 0):
 garbage-first heap   total 101376K, used 31567K [0x0000000080000000, 0x0000000100000000)
  region size 1024K, 5 young (5120K), 5 survivors (5120K)
 Metaspace       used 34199K, committed 35520K, reserved 487424K
  class space    used 4721K, committed 5376K, reserved 421888K
}
Event: 8.335 GC heap before
{Heap before GC invocations=6 (full 0):
 garbage-first heap   total 101376K, used 35663K [0x0000000080000000, 0x0000000100000000)
  region size 1024K, 10 young (10240K), 5 survivors (5120K)
 Metaspace       used 34700K, committed 35968K, reserved 487424K
  class space    used 4798K, committed 5440K, reserved 421888K
}
Event: 8.337 GC heap after
{Heap after GC invocations=7 (full 0):
 garbage-first heap   total 101376K, used 32223K [0x0000000080000000, 0x0000000100000000)
  region size 1024K, 2 young (2048K), 2 survivors (2048K)
 Metaspace       used 34700K, committed 35968K, reserved 487424K
  class space    used 4798K, committed 5440K, reserved 421888K
}
Event: 8.751 GC heap before
{Heap before GC invocations=8 (full 0):
 garbage-first heap   total 101376K, used 73183K [0x0000000080000000, 0x0000000100000000)
  region size 1024K, 41 young (41984K), 2 survivors (2048K)
 Metaspace       used 38782K, committed 40256K, reserved 487424K
  class space    used 5380K, committed 6144K, reserved 421888K
}
Event: 8.753 GC heap after
{Heap after GC invocations=9 (full 0):
 garbage-first heap   total 101376K, used 34299K [0x0000000080000000, 0x0000000100000000)
  region size 1024K, 4 young (4096K), 4 survivors (4096K)
 Metaspace       used 38782K, committed 40256K, reserved 487424K
  class space    used 5380K, committed 6144K, reserved 421888K
}
Event: 8.766 GC heap before
{Heap before GC invocations=9 (full 0):
 garbage-first heap   total 101376K, used 35323K [0x0000000080000000, 0x0000000100000000)
  region size 1024K, 5 young (5120K), 4 survivors (4096K)
 Metaspace       used 38905K, committed 40384K, reserved 487424K
  class space    used 5401K, committed 6144K, reserved 421888K
}
Event: 8.767 GC heap after
{Heap after GC invocations=10 (full 0):
 garbage-first heap   total 101376K, used 34306K [0x0000000080000000, 0x0000000100000000)
  region size 1024K, 1 young (1024K), 1 survivors (1024K)
 Metaspace       used 38905K, committed 40384K, reserved 487424K
  class space    used 5401K, committed 6144K, reserved 421888K
}
Event: 10.814 GC heap before
{Heap before GC invocations=10 (full 0):
 garbage-first heap   total 101376K, used 74242K [0x0000000080000000, 0x0000000100000000)
  region size 1024K, 40 young (40960K), 1 survivors (1024K)
 Metaspace       used 43955K, committed 45568K, reserved 487424K
  class space    used 6154K, committed 6976K, reserved 421888K
}
Event: 10.816 GC heap after
{Heap after GC invocations=11 (full 0):
 garbage-first heap   total 101376K, used 35837K [0x0000000080000000, 0x0000000100000000)
  region size 1024K, 2 young (2048K), 2 survivors (2048K)
 Metaspace       used 43955K, committed 45568K, reserved 487424K
  class space    used 6154K, committed 6976K, reserved 421888K
}
Event: 249.111 GC heap before
{Heap before GC invocations=11 (full 0):
 garbage-first heap   total 101376K, used 75773K [0x0000000080000000, 0x0000000100000000)
  region size 1024K, 42 young (43008K), 2 survivors (2048K)
 Metaspace       used 51703K, committed 53312K, reserved 487424K
  class space    used 7060K, committed 7872K, reserved 421888K
}
Event: 249.114 GC heap after
{Heap after GC invocations=12 (full 0):
 garbage-first heap   total 101376K, used 39373K [0x0000000080000000, 0x0000000100000000)
  region size 1024K, 6 young (6144K), 6 survivors (6144K)
 Metaspace       used 51703K, committed 53312K, reserved 487424K
  class space    used 7060K, committed 7872K, reserved 421888K
}
Event: 400.982 GC heap before
{Heap before GC invocations=12 (full 0):
 garbage-first heap   total 101376K, used 83405K [0x0000000080000000, 0x0000000100000000)
  region size 1024K, 43 young (44032K), 6 survivors (6144K)
 Metaspace       used 55308K, committed 57024K, reserved 487424K
  class space    used 7525K, committed 8384K, reserved 421888K
}
Event: 400.985 GC heap after
{Heap after GC invocations=13 (full 0):
 garbage-first heap   total 101376K, used 49856K [0x0000000080000000, 0x0000000100000000)
  region size 1024K, 5 young (5120K), 5 survivors (5120K)
 Metaspace       used 55308K, committed 57024K, reserved 487424K
  class space    used 7525K, committed 8384K, reserved 421888K
}

