# JRE version: Java(TM) SE Runtime Environment (18.0.2.1+1) (build 18.0.2.1+1-1)
# Java VM: Java HotSpot(TM) 64-Bit Server VM (18.0.2.1+1-1, mixed mode, sharing, tiered, compressed oops, compressed class ptrs, g1 gc, windows-amd64)
GC Precious Log:
 CardTable entry size: 512
 Card Set container configuration: InlinePtr #cards 5 size 8 Array Of Cards #cards 12 size 40 Howl #buckets 4 coarsen threshold 1843 Howl Bitmap #cards 512 size 80 coarsen threshold 460 Card regions per heap region 1 cards per card region 2048
 CPUs: 16 total, 16 available
 Memory: 15713M
 Large Page Support: Disabled
 NUMA Support: Disabled
 Compressed Oops: Enabled (32-bit)
 Heap Region Size: 1M
 Heap Min Capacity: 8M
 Heap Initial Capacity: 246M
 Heap Max Capacity: 2G
 Pre-touch: Disabled
 Parallel Workers: 13
 Concurrent Workers: 3
 Concurrent Refinement Workers: 13
 Periodic GC: Disabled
Heap:
 garbage-first heap   total 263168K, used 211915K [0x0000000080000000, 0x0000000100000000)
  region size 1024K, 91 young (93184K), 5 survivors (5120K)
 Metaspace       used 107016K, committed 109184K, reserved 552960K
  class space    used 14383K, committed 15488K, reserved 421888K
GC Heap History (20 events):
Event: 302.654 GC heap before
{Heap before GC invocations=40 (full 0):
 garbage-first heap   total 162816K, used 137009K [0x0000000080000000, 0x0000000100000000)
  region size 1024K, 20 young (20480K), 3 survivors (3072K)
 Metaspace       used 101497K, committed 103616K, reserved 552960K
  class space    used 13876K, committed 14976K, reserved 421888K
}
Event: 302.657 GC heap after
{Heap after GC invocations=41 (full 0):
 garbage-first heap   total 162816K, used 123384K [0x0000000080000000, 0x0000000100000000)
  region size 1024K, 3 young (3072K), 3 survivors (3072K)
 Metaspace       used 101497K, committed 103616K, reserved 552960K
  class space    used 13876K, committed 14976K, reserved 421888K
}
Event: 302.816 GC heap before
{Heap before GC invocations=41 (full 0):
 garbage-first heap   total 162816K, used 138744K [0x0000000080000000, 0x0000000100000000)
  region size 1024K, 18 young (18432K), 3 survivors (3072K)
 Metaspace       used 101766K, committed 103936K, reserved 552960K
  class space    used 13901K, committed 15040K, reserved 421888K
}
Event: 302.819 GC heap after
{Heap after GC invocations=42 (full 0):
 garbage-first heap   total 162816K, used 126095K [0x0000000080000000, 0x0000000100000000)
  region size 1024K, 3 young (3072K), 3 survivors (3072K)
 Metaspace       used 101766K, committed 103936K, reserved 552960K
  class space    used 13901K, committed 15040K, reserved 421888K
}
Event: 304.571 GC heap before
{Heap before GC invocations=42 (full 0):
 garbage-first heap   total 162816K, used 138383K [0x0000000080000000, 0x0000000100000000)
  region size 1024K, 16 young (16384K), 3 survivors (3072K)
 Metaspace       used 102322K, committed 104384K, reserved 552960K
  class space    used 13969K, committed 15040K, reserved 421888K
}
Event: 304.573 GC heap after
{Heap after GC invocations=43 (full 0):
 garbage-first heap   total 162816K, used 127850K [0x0000000080000000, 0x0000000100000000)
  region size 1024K, 2 young (2048K), 2 survivors (2048K)
 Metaspace       used 102322K, committed 104384K, reserved 552960K
  class space    used 13969K, committed 15040K, reserved 421888K
}
Event: 304.608 GC heap before
{Heap before GC invocations=43 (full 0):
 garbage-first heap   total 162816K, used 131946K [0x0000000080000000, 0x0000000100000000)
  region size 1024K, 6 young (6144K), 2 survivors (2048K)
 Metaspace       used 102479K, committed 104576K, reserved 552960K
  class space    used 13993K, committed 15104K, reserved 421888K
}
Event: 304.610 GC heap after
{Heap after GC invocations=44 (full 0):
 garbage-first heap   total 162816K, used 129260K [0x0000000080000000, 0x0000000100000000)
  region size 1024K, 2 young (2048K), 2 survivors (2048K)
 Metaspace       used 102479K, committed 104576K, reserved 552960K
  class space    used 13993K, committed 15104K, reserved 421888K
}
Event: 305.118 GC heap before
{Heap before GC invocations=45 (full 0):
 garbage-first heap   total 219136K, used 136428K [0x0000000080000000, 0x0000000100000000)
  region size 1024K, 10 young (10240K), 2 survivors (2048K)
 Metaspace       used 102647K, committed 104832K, reserved 552960K
  class space    used 14003K, committed 15168K, reserved 421888K
}
Event: 305.119 GC heap after
{Heap after GC invocations=46 (full 0):
 garbage-first heap   total 219136K, used 130195K [0x0000000080000000, 0x0000000100000000)
  region size 1024K, 1 young (1024K), 1 survivors (1024K)
 Metaspace       used 102647K, committed 104832K, reserved 552960K
  class space    used 14003K, committed 15168K, reserved 421888K
}
Event: 305.153 GC heap before
{Heap before GC invocations=46 (full 0):
 garbage-first heap   total 219136K, used 139411K [0x0000000080000000, 0x0000000100000000)
  region size 1024K, 10 young (10240K), 1 survivors (1024K)
 Metaspace       used 102877K, committed 105024K, reserved 552960K
  class space    used 14015K, committed 15168K, reserved 421888K
}
Event: 305.156 GC heap after
{Heap after GC invocations=47 (full 0):
 garbage-first heap   total 219136K, used 121789K [0x0000000080000000, 0x0000000100000000)
  region size 1024K, 1 young (1024K), 1 survivors (1024K)
 Metaspace       used 102877K, committed 105024K, reserved 552960K
  class space    used 14015K, committed 15168K, reserved 421888K
}
Event: 311.887 GC heap before
{Heap before GC invocations=47 (full 0):
 garbage-first heap   total 219136K, used 176061K [0x0000000080000000, 0x0000000100000000)
  region size 1024K, 55 young (56320K), 1 survivors (1024K)
 Metaspace       used 103747K, committed 105920K, reserved 552960K
  class space    used 14078K, committed 15232K, reserved 421888K
}
Event: 311.888 GC heap after
{Heap after GC invocations=48 (full 0):
 garbage-first heap   total 263168K, used 121973K [0x0000000080000000, 0x0000000100000000)
  region size 1024K, 2 young (2048K), 2 survivors (2048K)
 Metaspace       used 103747K, committed 105920K, reserved 552960K
  class space    used 14078K, committed 15232K, reserved 421888K
}
Event: 346.748 GC heap before
{Heap before GC invocations=48 (full 0):
 garbage-first heap   total 263168K, used 212085K [0x0000000080000000, 0x0000000100000000)
  region size 1024K, 89 young (91136K), 2 survivors (2048K)
 Metaspace       used 104078K, committed 106240K, reserved 552960K
  class space    used 14096K, committed 15232K, reserved 421888K
}
Event: 346.749 GC heap after
{Heap after GC invocations=49 (full 0):
 garbage-first heap   total 263168K, used 126239K [0x0000000080000000, 0x0000000100000000)
  region size 1024K, 4 young (4096K), 4 survivors (4096K)
 Metaspace       used 104078K, committed 106240K, reserved 552960K
  class space    used 14096K, committed 15232K, reserved 421888K
}
Event: 346.891 GC heap before
{Heap before GC invocations=49 (full 0):
 garbage-first heap   total 263168K, used 213279K [0x0000000080000000, 0x0000000100000000)
  region size 1024K, 90 young (92160K), 4 survivors (4096K)
 Metaspace       used 104079K, committed 106240K, reserved 552960K
  class space    used 14096K, committed 15232K, reserved 421888K
}
Event: 346.892 GC heap after
{Heap after GC invocations=50 (full 0):
 garbage-first heap   total 263168K, used 127579K [0x0000000080000000, 0x0000000100000000)
  region size 1024K, 5 young (5120K), 5 survivors (5120K)
 Metaspace       used 104079K, committed 106240K, reserved 552960K
  class space    used 14096K, committed 15232K, reserved 421888K
}
Event: 347.617 GC heap before
{Heap before GC invocations=50 (full 0):
 garbage-first heap   total 263168K, used 217691K [0x0000000080000000, 0x0000000100000000)
  region size 1024K, 94 young (96256K), 5 survivors (5120K)
 Metaspace       used 106981K, committed 109120K, reserved 552960K
  class space    used 14383K, committed 15488K, reserved 421888K
}
Event: 347.619 GC heap after
{Heap after GC invocations=51 (full 0):
 garbage-first heap   total 263168K, used 125899K [0x0000000080000000, 0x0000000100000000)
  region size 1024K, 5 young (5120K), 5 survivors (5120K)
 Metaspace       used 106981K, committed 109120K, reserved 552960K
  class space    used 14383K, committed 15488K, reserved 421888K
}

