# JRE version: Java(TM) SE Runtime Environment (18.0.2.1+1) (build 18.0.2.1+1-1)
# Java VM: Java HotSpot(TM) 64-Bit Server VM (18.0.2.1+1-1, mixed mode, sharing, tiered, compressed oops, compressed class ptrs, g1 gc, windows-amd64)
GC Precious Log:
 CardTable entry size: 512
 Card Set container configuration: InlinePtr #cards 5 size 8 Array Of Cards #cards 12 size 40 Howl #buckets 4 coarsen threshold 1843 Howl Bitmap #cards 512 size 80 coarsen threshold 460 Card regions per heap region 1 cards per card region 2048
 CPUs: 16 total, 16 available
 Memory: 15713M
 Large Id Support: Disabled
 NUMA Support: Disabled
 Compressed Oops: Enabled (32-bit)
 Heap Region Size: 1M
 Heap Min Capacity: 8M
 Heap Initial Capacity: 246M
 Heap Max Capacity: 2G
 Pre-touch: Disabled
 Parallel Workers: 13
 Concurrent Workers: 3
 Concurrent Refinement Workers: 13
 Periodic GC: Disabled
Heap:
 garbage-first heap   total 97280K, used 59261K [0x0000000080000000, 0x0000000100000000)
  region size 1024K, 4 young (4096K), 3 survivors (3072K)
 Metaspace       used 61335K, committed 63168K, reserved 487424K
  class space    used 8545K, committed 9472K, reserved 421888K
GC Heap History (20 events):
Event: 12.761 GC heap before
{Heap before GC invocations=15 (full 0):
 garbage-first heap   total 81920K, used 67840K [0x0000000080000000, 0x0000000100000000)
  region size 1024K, 25 young (25600K), 3 survivors (3072K)
 Metaspace       used 48059K, committed 49728K, reserved 487424K
  class space    used 6681K, committed 7552K, reserved 421888K
}
Event: 12.763 GC heap after
{Heap after GC invocations=16 (full 0):
 garbage-first heap   total 81920K, used 47708K [0x0000000080000000, 0x0000000100000000)
  region size 1024K, 4 young (4096K), 4 survivors (4096K)
 Metaspace       used 48059K, committed 49728K, reserved 487424K
  class space    used 6681K, committed 7552K, reserved 421888K
}
Event: 13.439 GC heap before
{Heap before GC invocations=16 (full 0):
 garbage-first heap   total 81920K, used 66140K [0x0000000080000000, 0x0000000100000000)
  region size 1024K, 22 young (22528K), 4 survivors (4096K)
 Metaspace       used 50165K, committed 51904K, reserved 487424K
  class space    used 7047K, committed 7936K, reserved 421888K
}
Event: 13.442 GC heap after
{Heap after GC invocations=17 (full 0):
 garbage-first heap   total 81920K, used 49227K [0x0000000080000000, 0x0000000100000000)
  region size 1024K, 2 young (2048K), 2 survivors (2048K)
 Metaspace       used 50165K, committed 51904K, reserved 487424K
  class space    used 7047K, committed 7936K, reserved 421888K
}
Event: 13.987 GC heap before
{Heap before GC invocations=18 (full 0):
 garbage-first heap   total 87040K, used 65611K [0x0000000080000000, 0x0000000100000000)
  region size 1024K, 18 young (18432K), 2 survivors (2048K)
 Metaspace       used 51921K, committed 53696K, reserved 487424K
  class space    used 7297K, committed 8192K, reserved 421888K
}
Event: 13.990 GC heap after
{Heap after GC invocations=19 (full 0):
 garbage-first heap   total 87040K, used 50001K [0x0000000080000000, 0x0000000100000000)
  region size 1024K, 2 young (2048K), 2 survivors (2048K)
 Metaspace       used 51921K, committed 53696K, reserved 487424K
  class space    used 7297K, committed 8192K, reserved 421888K
}
Event: 14.713 GC heap before
{Heap before GC invocations=19 (full 0):
 garbage-first heap   total 87040K, used 69457K [0x0000000080000000, 0x0000000100000000)
  region size 1024K, 22 young (22528K), 2 survivors (2048K)
 Metaspace       used 54616K, committed 56384K, reserved 487424K
  class space    used 7664K, committed 8576K, reserved 421888K
}
Event: 14.722 GC heap after
{Heap after GC invocations=20 (full 0):
 garbage-first heap   total 87040K, used 51161K [0x0000000080000000, 0x0000000100000000)
  region size 1024K, 3 young (3072K), 3 survivors (3072K)
 Metaspace       used 54616K, committed 56384K, reserved 487424K
  class space    used 7664K, committed 8576K, reserved 421888K
}
Event: 15.499 GC heap before
{Heap before GC invocations=21 (full 0):
 garbage-first heap   total 92160K, used 70617K [0x0000000080000000, 0x0000000100000000)
  region size 1024K, 22 young (22528K), 3 survivors (3072K)
 Metaspace       used 56869K, committed 58624K, reserved 487424K
  class space    used 7921K, committed 8832K, reserved 421888K
}
Event: 15.502 GC heap after
{Heap after GC invocations=22 (full 0):
 garbage-first heap   total 92160K, used 53931K [0x0000000080000000, 0x0000000100000000)
  region size 1024K, 3 young (3072K), 3 survivors (3072K)
 Metaspace       used 56869K, committed 58624K, reserved 487424K
  class space    used 7921K, committed 8832K, reserved 421888K
}
Event: 15.514 GC heap before
{Heap before GC invocations=22 (full 0):
 garbage-first heap   total 92160K, used 54955K [0x0000000080000000, 0x0000000100000000)
  region size 1024K, 4 young (4096K), 3 survivors (3072K)
 Metaspace       used 56871K, committed 58624K, reserved 487424K
  class space    used 7921K, committed 8832K, reserved 421888K
}
Event: 15.517 GC heap after
{Heap after GC invocations=23 (full 0):
 garbage-first heap   total 92160K, used 53962K [0x0000000080000000, 0x0000000100000000)
  region size 1024K, 1 young (1024K), 1 survivors (1024K)
 Metaspace       used 56871K, committed 58624K, reserved 487424K
  class space    used 7921K, committed 8832K, reserved 421888K
}
Event: 15.890 GC heap before
{Heap before GC invocations=23 (full 0):
 garbage-first heap   total 92160K, used 73418K [0x0000000080000000, 0x0000000100000000)
  region size 1024K, 21 young (21504K), 1 survivors (1024K)
 Metaspace       used 58488K, committed 60288K, reserved 487424K
  class space    used 8144K, committed 9088K, reserved 421888K
}
Event: 15.892 GC heap after
{Heap after GC invocations=24 (full 0):
 garbage-first heap   total 92160K, used 54898K [0x0000000080000000, 0x0000000100000000)
  region size 1024K, 2 young (2048K), 2 survivors (2048K)
 Metaspace       used 58488K, committed 60288K, reserved 487424K
  class space    used 8144K, committed 9088K, reserved 421888K
}
Event: 16.670 GC heap before
{Heap before GC invocations=25 (full 0):
 garbage-first heap   total 97280K, used 74354K [0x0000000080000000, 0x0000000100000000)
  region size 1024K, 22 young (22528K), 2 survivors (2048K)
 Metaspace       used 59816K, committed 61632K, reserved 487424K
  class space    used 8359K, committed 9280K, reserved 421888K
}
Event: 16.673 GC heap after
{Heap after GC invocations=26 (full 0):
 garbage-first heap   total 97280K, used 56516K [0x0000000080000000, 0x0000000100000000)
  region size 1024K, 3 young (3072K), 3 survivors (3072K)
 Metaspace       used 59816K, committed 61632K, reserved 487424K
  class space    used 8359K, committed 9280K, reserved 421888K
}
Event: 16.714 GC heap before
{Heap before GC invocations=26 (full 0):
 garbage-first heap   total 97280K, used 57540K [0x0000000080000000, 0x0000000100000000)
  region size 1024K, 4 young (4096K), 3 survivors (3072K)
 Metaspace       used 59929K, committed 61824K, reserved 487424K
  class space    used 8378K, committed 9344K, reserved 421888K
}
Event: 16.717 GC heap after
{Heap after GC invocations=27 (full 0):
 garbage-first heap   total 97280K, used 56955K [0x0000000080000000, 0x0000000100000000)
  region size 1024K, 1 young (1024K), 1 survivors (1024K)
 Metaspace       used 59929K, committed 61824K, reserved 487424K
  class space    used 8378K, committed 9344K, reserved 421888K
}
Event: 18.071 GC heap before
{Heap before GC invocations=27 (full 0):
 garbage-first heap   total 97280K, used 77435K [0x0000000080000000, 0x0000000100000000)
  region size 1024K, 22 young (22528K), 1 survivors (1024K)
 Metaspace       used 61289K, committed 63104K, reserved 487424K
  class space    used 8537K, committed 9472K, reserved 421888K
}
Event: 18.074 GC heap after
{Heap after GC invocations=28 (full 0):
 garbage-first heap   total 97280K, used 59261K [0x0000000080000000, 0x0000000100000000)
  region size 1024K, 3 young (3072K), 3 survivors (3072K)
 Metaspace       used 61289K, committed 63104K, reserved 487424K
  class space    used 8537K, committed 9472K, reserved 421888K
}

