# JRE version: Java(TM) SE Runtime Environment (18.0.2.1+1) (build 18.0.2.1+1-1)
# Java VM: Java HotSpot(TM) 64-Bit Server VM (18.0.2.1+1-1, mixed mode, sharing, tiered, compressed oops, compressed class ptrs, g1 gc, windows-amd64)
GC Precious Log:
 CardTable entry size: 512
 Card Set container configuration: InlinePtr #cards 4 size 8 Array Of Cards #cards 16 size 48 Howl #buckets 8 coarsen threshold 3686 Howl Bitmap #cards 512 size 80 coarsen threshold 460 Card regions per heap region 1 cards per card region 4096
 CPUs: 16 total, 16 available
 Memory: 15713M
 Large Id Support: Disabled
 NUMA Support: Disabled
 Compressed Oops: Enabled (Zero based)
 Heap Region Size: 2M
 Heap Min Capacity: 8M
 Heap Initial Capacity: 246M
 Heap Max Capacity: 3930M
 Pre-touch: Disabled
 Parallel Workers: 13
 Concurrent Workers: 3
 Concurrent Refinement Workers: 13
 Periodic GC: Disabled
Heap:
 garbage-first heap   total 141312K, used 104792K [0x000000070a600000, 0x0000000800000000)
  region size 2048K, 18 young (36864K), 2 survivors (4096K)
 Metaspace       used 62473K, committed 63360K, reserved 1114112K
  class space    used 7058K, committed 7488K, reserved 1048576K
GC Heap History (20 events):
Event: 2.705 GC heap before
{Heap before GC invocations=6 (full 0):
 garbage-first heap   total 75776K, used 52340K [0x000000070a600000, 0x0000000800000000)
  region size 2048K, 15 young (30720K), 1 survivors (2048K)
 Metaspace       used 32895K, committed 33216K, reserved 1114112K
  class space    used 4016K, committed 4160K, reserved 1048576K
}
Event: 2.709 GC heap after
{Heap after GC invocations=7 (full 0):
 garbage-first heap   total 75776K, used 28360K [0x000000070a600000, 0x0000000800000000)
  region size 2048K, 2 young (4096K), 2 survivors (4096K)
 Metaspace       used 32895K, committed 33216K, reserved 1114112K
  class space    used 4016K, committed 4160K, reserved 1048576K
}
Event: 2.971 GC heap before
{Heap before GC invocations=7 (full 0):
 garbage-first heap   total 75776K, used 46792K [0x000000070a600000, 0x0000000800000000)
  region size 2048K, 12 young (24576K), 2 survivors (4096K)
 Metaspace       used 35255K, committed 35968K, reserved 1114112K
  class space    used 4367K, committed 4736K, reserved 1048576K
}
Event: 2.977 GC heap after
{Heap after GC invocations=8 (full 0):
 garbage-first heap   total 75776K, used 29754K [0x000000070a600000, 0x0000000800000000)
  region size 2048K, 1 young (2048K), 1 survivors (2048K)
 Metaspace       used 35255K, committed 35968K, reserved 1114112K
  class space    used 4367K, committed 4736K, reserved 1048576K
}
Event: 4.060 GC heap before
{Heap before GC invocations=9 (full 0):
 garbage-first heap   total 75776K, used 56378K [0x000000070a600000, 0x0000000800000000)
  region size 2048K, 14 young (28672K), 1 survivors (2048K)
 Metaspace       used 40670K, committed 41408K, reserved 1114112K
  class space    used 4963K, committed 5312K, reserved 1048576K
}
Event: 4.068 GC heap after
{Heap after GC invocations=10 (full 0):
 garbage-first heap   total 75776K, used 33360K [0x000000070a600000, 0x0000000800000000)
  region size 2048K, 2 young (4096K), 2 survivors (4096K)
 Metaspace       used 40670K, committed 41408K, reserved 1114112K
  class space    used 4963K, committed 5312K, reserved 1048576K
}
Event: 4.583 GC heap before
{Heap before GC invocations=10 (full 0):
 garbage-first heap   total 75776K, used 53840K [0x000000070a600000, 0x0000000800000000)
  region size 2048K, 13 young (26624K), 2 survivors (4096K)
 Metaspace       used 42707K, committed 43456K, reserved 1114112K
  class space    used 5138K, committed 5504K, reserved 1048576K
}
Event: 4.596 GC heap after
{Heap after GC invocations=11 (full 0):
 garbage-first heap   total 75776K, used 38344K [0x000000070a600000, 0x0000000800000000)
  region size 2048K, 2 young (4096K), 2 survivors (4096K)
 Metaspace       used 42707K, committed 43456K, reserved 1114112K
  class space    used 5138K, committed 5504K, reserved 1048576K
}
Event: 5.080 GC heap before
{Heap before GC invocations=11 (full 0):
 garbage-first heap   total 75776K, used 56776K [0x000000070a600000, 0x0000000800000000)
  region size 2048K, 11 young (22528K), 2 survivors (4096K)
 Metaspace       used 43621K, committed 44352K, reserved 1114112K
  class space    used 5248K, committed 5632K, reserved 1048576K
}
Event: 5.087 GC heap after
{Heap after GC invocations=12 (full 0):
 garbage-first heap   total 141312K, used 38489K [0x000000070a600000, 0x0000000800000000)
  region size 2048K, 1 young (2048K), 1 survivors (2048K)
 Metaspace       used 43621K, committed 44352K, reserved 1114112K
  class space    used 5248K, committed 5632K, reserved 1048576K
}
Event: 7.526 GC heap before
{Heap before GC invocations=13 (full 0):
 garbage-first heap   total 141312K, used 104025K [0x000000070a600000, 0x0000000800000000)
  region size 2048K, 34 young (69632K), 1 survivors (2048K)
 Metaspace       used 53994K, committed 54848K, reserved 1114112K
  class space    used 6419K, committed 6848K, reserved 1048576K
}
Event: 7.543 GC heap after
{Heap after GC invocations=14 (full 0):
 garbage-first heap   total 141312K, used 48386K [0x000000070a600000, 0x0000000800000000)
  region size 2048K, 5 young (10240K), 5 survivors (10240K)
 Metaspace       used 53994K, committed 54848K, reserved 1114112K
  class space    used 6419K, committed 6848K, reserved 1048576K
}
Event: 8.568 GC heap before
{Heap before GC invocations=14 (full 0):
 garbage-first heap   total 141312K, used 101634K [0x000000070a600000, 0x0000000800000000)
  region size 2048K, 31 young (63488K), 5 survivors (10240K)
 Metaspace       used 55305K, committed 56064K, reserved 1114112K
  class space    used 6499K, committed 6912K, reserved 1048576K
}
Event: 8.592 GC heap after
{Heap after GC invocations=15 (full 0):
 garbage-first heap   total 141312K, used 57587K [0x000000070a600000, 0x0000000800000000)
  region size 2048K, 4 young (8192K), 4 survivors (8192K)
 Metaspace       used 55305K, committed 56064K, reserved 1114112K
  class space    used 6499K, committed 6912K, reserved 1048576K
}
Event: 10.275 GC heap before
{Heap before GC invocations=15 (full 0):
 garbage-first heap   total 141312K, used 104691K [0x000000070a600000, 0x0000000800000000)
  region size 2048K, 27 young (55296K), 4 survivors (8192K)
 Metaspace       used 58191K, committed 59008K, reserved 1114112K
  class space    used 6689K, committed 7104K, reserved 1048576K
}
Event: 10.289 GC heap after
{Heap after GC invocations=16 (full 0):
 garbage-first heap   total 141312K, used 63657K [0x000000070a600000, 0x0000000800000000)
  region size 2048K, 3 young (6144K), 3 survivors (6144K)
 Metaspace       used 58191K, committed 59008K, reserved 1114112K
  class space    used 6689K, committed 7104K, reserved 1048576K
}
Event: 12.079 GC heap before
{Heap before GC invocations=16 (full 0):
 garbage-first heap   total 141312K, used 108713K [0x000000070a600000, 0x0000000800000000)
  region size 2048K, 24 young (49152K), 3 survivors (6144K)
 Metaspace       used 61009K, committed 61824K, reserved 1114112K
  class space    used 6918K, committed 7360K, reserved 1048576K
}
Event: 12.092 GC heap after
{Heap after GC invocations=17 (full 0):
 garbage-first heap   total 141312K, used 70268K [0x000000070a600000, 0x0000000800000000)
  region size 2048K, 3 young (6144K), 3 survivors (6144K)
 Metaspace       used 61009K, committed 61824K, reserved 1114112K
  class space    used 6918K, committed 7360K, reserved 1048576K
}
Event: 13.293 GC heap before
{Heap before GC invocations=17 (full 0):
 garbage-first heap   total 141312K, used 109180K [0x000000070a600000, 0x0000000800000000)
  region size 2048K, 23 young (47104K), 3 survivors (6144K)
 Metaspace       used 61984K, committed 62848K, reserved 1114112K
  class space    used 7009K, committed 7424K, reserved 1048576K
}
Event: 13.305 GC heap after
{Heap after GC invocations=18 (full 0):
 garbage-first heap   total 141312K, used 74072K [0x000000070a600000, 0x0000000800000000)
  region size 2048K, 2 young (4096K), 2 survivors (4096K)
 Metaspace       used 61984K, committed 62848K, reserved 1114112K
  class space    used 7009K, committed 7424K, reserved 1048576K
}

